<?xml version="1.0" encoding="UTF-8"?>
<!-- Generated by org.testng.reporters.JUnitReportReporter -->
<testsuite hostname="DESKTOP-H5RUEN0" failures="0" tests="1" name="com.bankg99.testcases.TC_01LoginTest" time="0.754" errors="0" timestamp="04 Dec 2021 22:59:18 GMT" skipped="0">
  <testcase classname="com.bankg99.testcases.TC_01LoginTest" name="LoginTest" time="0.754"/>
</testsuite> <!-- com.bankg99.testcases.TC_01LoginTest -->
